Using pre-set license
Built from '2020.3/staging' branch; Version is '2020.3.6f1 (338bb68529b2) revision 3378102'; Using compiler version '192528614'; Build Type 'Release'
OS: 'Windows 10 Education N; OS build 19043.1266; Version 2009; 64bit' Language: 'en' Physical Memory: 32693 MB
BatchMode: 1, IsHumanControllingUs: 0, StartBugReporterOnCrash: 0, Is64bit: 1, IsPro: 0

 COMMAND LINE ARGUMENTS:
C:\Program Files\Unity\Hub\Editor\2020.3.6f1\Editor\Unity.exe
-adb2
-batchMode
-noUpm
-name
AssetImportWorker0
-projectPath
E:/Games/AOEGameJam/3DPokemon-Resource/PokemonResource
-logFile
Logs/AssetImportWorker0.log
-srvPort
53021
Successfully changed project path to: E:/Games/AOEGameJam/3DPokemon-Resource/PokemonResource
E:/Games/AOEGameJam/3DPokemon-Resource/PokemonResource
Using Asset Import Pipeline V2.
Refreshing native plugins compatible for Editor in 20.71 ms, found 0 plugins.
Preloading 0 native plugins for Editor in 0.00 ms.
Initialize engine version: 2020.3.6f1 (338bb68529b2)
[Subsystems] Discovering subsystems at path C:/Program Files/Unity/Hub/Editor/2020.3.6f1/Editor/Data/Resources/UnitySubsystems
[Subsystems] Discovering subsystems at path E:/Games/AOEGameJam/3DPokemon-Resource/PokemonResource/Assets
GfxDevice: creating device client; threaded=0
Direct3D:
    Version:  Direct3D 11.0 [level 11.1]
    Renderer: Radeon RX 580 Series (ID=0x67df)
    Vendor:   
    VRAM:     8171 MB
    Driver:   30.0.13025.1000
Initialize mono
Mono path[0] = 'C:/Program Files/Unity/Hub/Editor/2020.3.6f1/Editor/Data/Managed'
Mono path[1] = 'C:/Program Files/Unity/Hub/Editor/2020.3.6f1/Editor/Data/MonoBleedingEdge/lib/mono/unityjit'
Mono config path = 'C:/Program Files/Unity/Hub/Editor/2020.3.6f1/Editor/Data/MonoBleedingEdge/etc'
Using monoOptions --debugger-agent=transport=dt_socket,embedding=1,server=y,suspend=n,address=127.0.0.1:56920
Begin MonoManager ReloadAssembly
Registering precompiled unity dll's ...
Register platform support module: C:/Program Files/Unity/Hub/Editor/2020.3.6f1/Editor/Data/PlaybackEngines/WebGLSupport/UnityEditor.WebGL.Extensions.dll
Register platform support module: C:/Program Files/Unity/Hub/Editor/2020.3.6f1/Editor/Data/PlaybackEngines/WindowsStandaloneSupport/UnityEditor.WindowsStandalone.Extensions.dll
Registered in 0.001908 seconds.
Native extension for WindowsStandalone target not found
Native extension for WebGL target not found
Refreshing native plugins compatible for Editor in 21.64 ms, found 0 plugins.
Preloading 0 native plugins for Editor in 0.00 ms.
Mono: successfully reloaded assembly
- Completed reload, in  1.471 seconds
Platform modules already initialized, skipping
Registering precompiled user dll's ...
Registered in 0.000479 seconds.
Begin MonoManager ReloadAssembly
Native extension for WindowsStandalone target not found
Native extension for WebGL target not found
Refreshing native plugins compatible for Editor in 0.26 ms, found 0 plugins.
Preloading 0 native plugins for Editor in 0.00 ms.
Mono: successfully reloaded assembly
- Completed reload, in  0.661 seconds
Platform modules already initialized, skipping
========================================================================
Worker process is ready to serve import requests
Launched and connected shader compiler UnityShaderCompiler.exe after 0.03 seconds
Refreshing native plugins compatible for Editor in 0.26 ms, found 0 plugins.
Preloading 0 native plugins for Editor in 0.00 ms.
Unloading 1337 Unused Serialized files (Serialized files now loaded: 0)
System memory in use before: 66.0 MB.
System memory in use after: 66.1 MB.

Unloading 10 unused Assets to reduce memory usage. Loaded Objects now: 1781.
Total: 1.596400 ms (FindLiveObjects: 0.153800 ms CreateObjectMapping: 0.044400 ms MarkObjects: 1.343800 ms  DeleteObjects: 0.053800 ms)

========================================================================
Received Import Request.
  path: Assets/Scripts/MonsterScriptableObjects/Monsters/BulbaGod.asset
  artifactKey: Guid(71e6dd657e41e444380b0b67065658e3) Importer(815301076,1909f56bfc062723c751e8b465ee728b)
Start importing Assets/Scripts/MonsterScriptableObjects/Monsters/BulbaGod.asset using Guid(71e6dd657e41e444380b0b67065658e3) Importer(815301076,1909f56bfc062723c751e8b465ee728b)  -> (artifact id: 'aba2105070182359d03e84345d67930b') in 0.032624 seconds
  Import took 0.150641 seconds .

========================================================================
Received Import Request.
  Time since last request: 0.000202 seconds.
  path: Assets/Art/gfx/basic_colors.png
  artifactKey: Guid(397c7286969306f4fbe41b9e5b46afe0) Importer(815301076,1909f56bfc062723c751e8b465ee728b)
Start importing Assets/Art/gfx/basic_colors.png using Guid(397c7286969306f4fbe41b9e5b46afe0) Importer(815301076,1909f56bfc062723c751e8b465ee728b)  -> (artifact id: 'f56b918ef69a5a40cb31ddd764b39d91') in 0.228730 seconds
  Import took 0.253444 seconds .

========================================================================
Received Import Request.
  Time since last request: 0.000202 seconds.
  path: Assets/TextMesh Pro/Resources/Fonts & Materials/LiberationSans SDF - Fallback.asset
  artifactKey: Guid(2e498d1c8094910479dc3e1b768306a4) Importer(815301076,1909f56bfc062723c751e8b465ee728b)
Start importing Assets/TextMesh Pro/Resources/Fonts & Materials/LiberationSans SDF - Fallback.asset using Guid(2e498d1c8094910479dc3e1b768306a4) Importer(815301076,1909f56bfc062723c751e8b465ee728b)  -> (artifact id: '51f103113d5a0a12faed240bd38d2170') in 0.080946 seconds
  Import took 0.083138 seconds .

========================================================================
Received Import Request.
  Time since last request: 0.000189 seconds.
  path: Assets/Art/Trianers/Brendan_Back.png
  artifactKey: Guid(9949ff1c6ba61664ba3158a705c3196a) Importer(815301076,1909f56bfc062723c751e8b465ee728b)
Start importing Assets/Art/Trianers/Brendan_Back.png using Guid(9949ff1c6ba61664ba3158a705c3196a) Importer(815301076,1909f56bfc062723c751e8b465ee728b)  -> (artifact id: '0d4add6ea4f66f2e62c3b5055143306b') in 0.017088 seconds
  Import took 0.089849 seconds .

========================================================================
Received Import Request.
  Time since last request: 4.473661 seconds.
  path: Assets/Scripts/BazttleSystem/BattleSystem.cs
  artifactKey: Guid(fda90335928a0c64b8d51f4a135645de) Importer(815301076,1909f56bfc062723c751e8b465ee728b)
Start importing Assets/Scripts/BazttleSystem/BattleSystem.cs using Guid(fda90335928a0c64b8d51f4a135645de) Importer(815301076,1909f56bfc062723c751e8b465ee728b)  -> (artifact id: '995539bcb3f2e2bc183f7c7e91e48c1b') in 0.011122 seconds
  Import took 0.122600 seconds .

========================================================================
Received Import Request.
  Time since last request: 128.889244 seconds.
  path: Assets/Scripts/Monster
  artifactKey: Guid(c9f420b99f10d8a43b6fc1a19a43607a) Importer(815301076,1909f56bfc062723c751e8b465ee728b)
Start importing Assets/Scripts/Monster using Guid(c9f420b99f10d8a43b6fc1a19a43607a) Importer(815301076,1909f56bfc062723c751e8b465ee728b)  -> (artifact id: 'e8ee1ead88458b0149dcc02f7dcb50c4') in 0.008335 seconds
  Import took 0.092346 seconds .

========================================================================
Received Import Request.
  Time since last request: 21.046540 seconds.
  path: Assets/Scripts/MonsterScriptableObjects/Moves/Moves/Move.asset
  artifactKey: Guid(078c75ee8f452f044b12c05ae7a6eced) Importer(815301076,1909f56bfc062723c751e8b465ee728b)
Start importing Assets/Scripts/MonsterScriptableObjects/Moves/Moves/Move.asset using Guid(078c75ee8f452f044b12c05ae7a6eced) Importer(815301076,1909f56bfc062723c751e8b465ee728b)  -> (artifact id: '70d4873ca4ca07103cc1fb03cbc995fa') in 0.006205 seconds
  Import took 0.045916 seconds .

========================================================================
Received Import Request.
  Time since last request: 0.000198 seconds.
  path: Assets/Scripts/MonsterScriptableObjects/Moves/Moves/Self Death.asset
  artifactKey: Guid(b8b379c9b123cb84eb20866e4a0132b3) Importer(815301076,1909f56bfc062723c751e8b465ee728b)
Start importing Assets/Scripts/MonsterScriptableObjects/Moves/Moves/Self Death.asset using Guid(b8b379c9b123cb84eb20866e4a0132b3) Importer(815301076,1909f56bfc062723c751e8b465ee728b)  -> (artifact id: '192998045cd39d81bf142d150ff00e48') in 0.006961 seconds
  Import took 0.008887 seconds .

========================================================================
Received Import Request.
  Time since last request: 10.488877 seconds.
  path: Assets/Scripts/MonsterScriptableObjects/Moves/Moves/GangShitIsAllIKnow.asset
  artifactKey: Guid(702a35561586ee74b9d1d2c1a77481b1) Importer(815301076,1909f56bfc062723c751e8b465ee728b)
Start importing Assets/Scripts/MonsterScriptableObjects/Moves/Moves/GangShitIsAllIKnow.asset using Guid(702a35561586ee74b9d1d2c1a77481b1) Importer(815301076,1909f56bfc062723c751e8b465ee728b)  -> (artifact id: '1809a7f80e1aec27fa565869112203ac') in 0.006783 seconds
  Import took 0.026427 seconds .

========================================================================
Received Prepare
Registering precompiled user dll's ...
Registered in 0.000579 seconds.
Begin MonoManager ReloadAssembly
Native extension for WindowsStandalone target not found
Native extension for WebGL target not found
Refreshing native plugins compatible for Editor in 0.26 ms, found 0 plugins.
Preloading 0 native plugins for Editor in 0.00 ms.
Mono: successfully reloaded assembly
- Completed reload, in  0.640 seconds
Platform modules already initialized, skipping
Refreshing native plugins compatible for Editor in 0.29 ms, found 0 plugins.
Preloading 0 native plugins for Editor in 0.00 ms.
Unloading 1316 Unused Serialized files (Serialized files now loaded: 0)
System memory in use before: 67.8 MB.
System memory in use after: 67.9 MB.

Unloading 5 unused Assets to reduce memory usage. Loaded Objects now: 1831.
Total: 1.473600 ms (FindLiveObjects: 0.164400 ms CreateObjectMapping: 0.029100 ms MarkObjects: 1.268400 ms  DeleteObjects: 0.010500 ms)

========================================================================
Received Import Request.
  Time since last request: 350.371111 seconds.
  path: Assets/TextMesh Pro/Sprites/EmojiOne.png
  artifactKey: Guid(dffef66376be4fa480fb02b19edbe903) Importer(815301076,1909f56bfc062723c751e8b465ee728b)
Start importing Assets/TextMesh Pro/Sprites/EmojiOne.png using Guid(dffef66376be4fa480fb02b19edbe903) Importer(815301076,1909f56bfc062723c751e8b465ee728b)  -> (artifact id: '2f80629014f2f741e1dd36ab36446a2c') in 0.030892 seconds
  Import took 0.066692 seconds .

========================================================================
Received Import Request.
  Time since last request: 0.000176 seconds.
  path: Assets/TextMesh Pro/Resources/Sprite Assets/EmojiOne.asset
  artifactKey: Guid(c41005c129ba4d66911b75229fd70b45) Importer(815301076,1909f56bfc062723c751e8b465ee728b)
Start importing Assets/TextMesh Pro/Resources/Sprite Assets/EmojiOne.asset using Guid(c41005c129ba4d66911b75229fd70b45) Importer(815301076,1909f56bfc062723c751e8b465ee728b)  -> (artifact id: '142b34ad33308c3529faeb4c9f1f92a5') in 0.018119 seconds
  Import took 0.036602 seconds .

========================================================================
Received Import Request.
  Time since last request: 3.164794 seconds.
  path: Assets/Scripts/MoveSelectionUI/MoveSelectionUI.cs
  artifactKey: Guid(4f533321f55b7cb4991d493100309290) Importer(815301076,1909f56bfc062723c751e8b465ee728b)
Start importing Assets/Scripts/MoveSelectionUI/MoveSelectionUI.cs using Guid(4f533321f55b7cb4991d493100309290) Importer(815301076,1909f56bfc062723c751e8b465ee728b)  -> (artifact id: '8ac455f18388859e6e04337806b69b91') in 0.398185 seconds
  Import took 0.425668 seconds .

========================================================================
Received Prepare
Registering precompiled user dll's ...
Registered in 0.000644 seconds.
Begin MonoManager ReloadAssembly
Native extension for WindowsStandalone target not found
Native extension for WebGL target not found
Refreshing native plugins compatible for Editor in 0.29 ms, found 0 plugins.
Preloading 0 native plugins for Editor in 0.00 ms.
Mono: successfully reloaded assembly
- Completed reload, in  0.647 seconds
Platform modules already initialized, skipping
Refreshing native plugins compatible for Editor in 0.25 ms, found 0 plugins.
Preloading 0 native plugins for Editor in 0.00 ms.
Unloading 1316 Unused Serialized files (Serialized files now loaded: 0)
System memory in use before: 67.9 MB.
System memory in use after: 68.0 MB.

Unloading 5 unused Assets to reduce memory usage. Loaded Objects now: 1834.
Total: 1.915400 ms (FindLiveObjects: 0.183900 ms CreateObjectMapping: 0.032700 ms MarkObjects: 1.678300 ms  DeleteObjects: 0.018900 ms)

========================================================================
Received Prepare
Registering precompiled user dll's ...
Registered in 0.000511 seconds.
Begin MonoManager ReloadAssembly
Native extension for WindowsStandalone target not found
Native extension for WebGL target not found
Refreshing native plugins compatible for Editor in 0.35 ms, found 0 plugins.
Preloading 0 native plugins for Editor in 0.00 ms.
Mono: successfully reloaded assembly
- Completed reload, in  0.628 seconds
Platform modules already initialized, skipping
Refreshing native plugins compatible for Editor in 0.24 ms, found 0 plugins.
Preloading 0 native plugins for Editor in 0.00 ms.
Unloading 1316 Unused Serialized files (Serialized files now loaded: 0)
System memory in use before: 67.9 MB.
System memory in use after: 68.0 MB.

Unloading 5 unused Assets to reduce memory usage. Loaded Objects now: 1837.
Total: 1.834300 ms (FindLiveObjects: 0.218000 ms CreateObjectMapping: 0.031800 ms MarkObjects: 1.566700 ms  DeleteObjects: 0.016400 ms)

========================================================================
Received Prepare
Registering precompiled user dll's ...
Registered in 0.000659 seconds.
Begin MonoManager ReloadAssembly
Native extension for WindowsStandalone target not found
Native extension for WebGL target not found
Refreshing native plugins compatible for Editor in 0.31 ms, found 0 plugins.
Preloading 0 native plugins for Editor in 0.00 ms.
Mono: successfully reloaded assembly
- Completed reload, in  0.656 seconds
Platform modules already initialized, skipping
Refreshing native plugins compatible for Editor in 0.27 ms, found 0 plugins.
Preloading 0 native plugins for Editor in 0.00 ms.
Unloading 1316 Unused Serialized files (Serialized files now loaded: 0)
System memory in use before: 67.9 MB.
System memory in use after: 68.0 MB.

Unloading 5 unused Assets to reduce memory usage. Loaded Objects now: 1840.
Total: 1.600300 ms (FindLiveObjects: 0.221500 ms CreateObjectMapping: 0.037200 ms MarkObjects: 1.327700 ms  DeleteObjects: 0.012700 ms)

========================================================================
Received Prepare
Registering precompiled user dll's ...
Registered in 0.000674 seconds.
Begin MonoManager ReloadAssembly
Native extension for WindowsStandalone target not found
Native extension for WebGL target not found
Refreshing native plugins compatible for Editor in 0.29 ms, found 0 plugins.
Preloading 0 native plugins for Editor in 0.00 ms.
Mono: successfully reloaded assembly
- Completed reload, in  0.693 seconds
Platform modules already initialized, skipping
Refreshing native plugins compatible for Editor in 0.27 ms, found 0 plugins.
Preloading 0 native plugins for Editor in 0.00 ms.
Unloading 1316 Unused Serialized files (Serialized files now loaded: 0)
System memory in use before: 67.9 MB.
System memory in use after: 68.0 MB.

Unloading 5 unused Assets to reduce memory usage. Loaded Objects now: 1843.
Total: 2.081600 ms (FindLiveObjects: 0.344900 ms CreateObjectMapping: 0.040600 ms MarkObjects: 1.680000 ms  DeleteObjects: 0.014200 ms)

========================================================================
Received Prepare
Registering precompiled user dll's ...
Registered in 0.000650 seconds.
Begin MonoManager ReloadAssembly
Native extension for WindowsStandalone target not found
Native extension for WebGL target not found
Refreshing native plugins compatible for Editor in 0.27 ms, found 0 plugins.
Preloading 0 native plugins for Editor in 0.00 ms.
Mono: successfully reloaded assembly
- Completed reload, in  0.646 seconds
Platform modules already initialized, skipping
Refreshing native plugins compatible for Editor in 0.27 ms, found 0 plugins.
Preloading 0 native plugins for Editor in 0.00 ms.
Unloading 1316 Unused Serialized files (Serialized files now loaded: 0)
System memory in use before: 67.9 MB.
System memory in use after: 68.0 MB.

Unloading 5 unused Assets to reduce memory usage. Loaded Objects now: 1846.
Total: 1.828900 ms (FindLiveObjects: 0.182600 ms CreateObjectMapping: 0.033900 ms MarkObjects: 1.598200 ms  DeleteObjects: 0.012700 ms)

========================================================================
Received Prepare
Registering precompiled user dll's ...
Registered in 0.000604 seconds.
Begin MonoManager ReloadAssembly
Native extension for WindowsStandalone target not found
Native extension for WebGL target not found
Refreshing native plugins compatible for Editor in 0.26 ms, found 0 plugins.
Preloading 0 native plugins for Editor in 0.00 ms.
Mono: successfully reloaded assembly
- Completed reload, in  0.633 seconds
Platform modules already initialized, skipping
Refreshing native plugins compatible for Editor in 0.26 ms, found 0 plugins.
Preloading 0 native plugins for Editor in 0.00 ms.
Unloading 1316 Unused Serialized files (Serialized files now loaded: 0)
System memory in use before: 67.9 MB.
System memory in use after: 68.0 MB.

Unloading 5 unused Assets to reduce memory usage. Loaded Objects now: 1849.
Total: 1.785800 ms (FindLiveObjects: 0.209300 ms CreateObjectMapping: 0.033300 ms MarkObjects: 1.529900 ms  DeleteObjects: 0.012100 ms)

